<?xml version="1.0" encoding="UTF-8" ?>
<testsuite errors="0" failures="0" hostname="DESKTOP-JNAL68L" name="simpledb.systemtest.QueryTest" skipped="0" tests="1" time="0.846" timestamp="2021-02-18T16:06:17">
  <properties>
    <property name="testd" value="D:\mit6.830\simple-db-hw-master\test" />
    <property name="ant.library.dir" value="D:\apache-ant-1.10.9\lib" />
    <property name="sourceversion" value="1.8" />
    <property name="ant.file.type" value="file" />
    <property name="java.specification.version" value="14" />
    <property name="lib" value="D:\mit6.830\simple-db-hw-master\lib" />
    <property name="ant.project.name" value="simpledb" />
    <property name="sun.cpu.isalist" value="amd64" />
    <property name="sun.jnu.encoding" value="GBK" />
    <property name="java.class.path" value="D:\mit6.830\simple-db-hw-master\bin\src;D:\mit6.830\simple-db-hw-master\lib\zql.jar;D:\mit6.830\simple-db-hw-master\lib\jline-0.9.94.jar;D:\mit6.830\simple-db-hw-master\bin\test;D:\mit6.830\simple-db-hw-master\lib\junit-4.5.jar;D:\mit6.830\simple-db-hw-master;D:\jdk-14.0.1\lib;D:\apache-ant-1.10.9\lib\ant-launcher.jar;D:\apache-ant-1.10.9\lib\ant.jar;D:\apache-ant-1.10.9\lib\ant-junit.jar;D:\apache-ant-1.10.9\lib\ant-junit4.jar" />
    <property name="build.src" value="D:\mit6.830\simple-db-hw-master\bin\src" />
    <property name="dist" value="D:\mit6.830\simple-db-hw-master\dist" />
    <property name="java.vm.vendor" value="Oracle Corporation" />
    <property name="junit.failed" value="true" />
    <property name="sun.arch.data.model" value="64" />
    <property name="ant.file.simpledb" value="D:\mit6.830\simple-db-hw-master\build.xml" />
    <property name="test.reports" value="D:\mit6.830\simple-db-hw-master\testreport" />
    <property name="user.variant" value="" />
    <property name="compile.debug" value="true" />
    <property name="java.vendor.url" value="https://java.oracle.com/" />
    <property name="java.vm.specification.version" value="14" />
    <property name="os.name" value="Windows 10" />
    <property name="user.country" value="CN" />
    <property name="sun.java.launcher" value="SUN_STANDARD" />
    <property name="sun.boot.library.path" value="D:\jdk-14.0.1\bin" />
    <property name="sun.java.command" value="org.apache.tools.ant.taskdefs.optional.junit.JUnitTestRunner simpledb.systemtest.QueryTest skipNonTests=false filtertrace=true haltOnError=false haltOnFailure=false formatter=org.apache.tools.ant.taskdefs.optional.junit.SummaryJUnitResultFormatter showoutput=false outputtoformatters=true logfailedtests=true threadid=0 logtestlistenerevents=false formatter=org.apache.tools.ant.taskdefs.optional.junit.PlainJUnitResultFormatter formatter=org.apache.tools.ant.taskdefs.optional.junit.XMLJUnitResultFormatter,D:\mit6.830\simple-db-hw-master\testreport\TEST-simpledb.systemtest.QueryTest.xml formatter=org.apache.tools.ant.taskdefs.optional.junit.PlainJUnitResultFormatter,D:\mit6.830\simple-db-hw-master\testreport\TEST-simpledb.systemtest.QueryTest.txt crashfile=D:\mit6.830\simple-db-hw-master\junitvmwatcher9153850314524843762.properties propsfile=D:\mit6.830\simple-db-hw-master\junit11024869576451312736.properties" />
    <property name="jdk.debug" value="release" />
    <property name="sun.cpu.endian" value="little" />
    <property name="user.home" value="C:\Users\Administrator" />
    <property name="user.language" value="zh" />
    <property name="sun.stderr.encoding" value="ms936" />
    <property name="java.specification.vendor" value="Oracle Corporation" />
    <property name="java.version.date" value="2020-04-14" />
    <property name="java.home" value="D:\jdk-14.0.1" />
    <property name="file.separator" value="\" />
    <property name="basedir" value="D:\mit6.830\simple-db-hw-master" />
    <property name="java.vm.compressedOopsMode" value="32-bit" />
    <property name="sun.stdout.encoding" value="ms936" />
    <property name="line.separator" value="&#xd;&#xa;" />
    <property name="ant.java.version" value="14" />
    <property name="java.vm.specification.vendor" value="Oracle Corporation" />
    <property name="java.specification.name" value="Java Platform API Specification" />
    <property name="doc" value="D:\mit6.830\simple-db-hw-master\javadoc" />
    <property name="user.script" value="" />
    <property name="sun.management.compiler" value="HotSpot 64-Bit Tiered Compilers" />
    <property name="jarfile" value="D:\mit6.830\simple-db-hw-master\dist\simpledb.jar" />
    <property name="java.runtime.version" value="14.0.1+7" />
    <property name="user.name" value="Administrator" />
    <property name="ant.file" value="D:\mit6.830\simple-db-hw-master\build.xml" />
    <property name="path.separator" value=";" />
    <property name="os.version" value="10.0" />
    <property name="build.test" value="D:\mit6.830\simple-db-hw-master\bin\test" />
    <property name="java.runtime.name" value="Java(TM) SE Runtime Environment" />
    <property name="file.encoding" value="GBK" />
    <property name="ant.project.invoked-targets" value="test-report" />
    <property name="depcache" value="D:\mit6.830\simple-db-hw-master\bin\depcache" />
    <property name="java.vm.name" value="Java HotSpot(TM) 64-Bit Server VM" />
    <property name="ant.core.lib" value="D:\apache-ant-1.10.9\lib\ant.jar" />
    <property name="java.vendor.url.bug" value="https://bugreport.java.com/bugreport/" />
    <property name="java.io.tmpdir" value="C:\Users\ADMINI~1\AppData\Local\Temp\" />
    <property name="java.version" value="14.0.1" />
    <property name="src" value="D:\mit6.830\simple-db-hw-master\src" />
    <property name="user.dir" value="D:\mit6.830\simple-db-hw-master" />
    <property name="os.arch" value="amd64" />
    <property name="java.vm.specification.name" value="Java Virtual Machine Specification" />
    <property name="ant.file.type.simpledb" value="file" />
    <property name="ant.home" value="D:\apache-ant-1.10.9" />
    <property name="sun.os.patch.level" value="" />
    <property name="ant.version" value="Apache Ant(TM) version 1.10.9 compiled on September 27 2020" />
    <property name="java.library.path" value="D:\jdk-14.0.1\bin;C:\WINDOWS\Sun\Java\bin;C:\WINDOWS\system32;C:\WINDOWS;D:\Anaconda;D:\Anaconda\Library\mingw-w64\bin;D:\Anaconda\Library\usr\bin;D:\Anaconda\Library\bin;D:\Anaconda\Scripts;C:\Python38\Scripts\;C:\Python38\;C:\Program Files\Intel\iCLS Client\;C:\WINDOWS\system32;C:\WINDOWS;C:\WINDOWS\System32\Wbem;C:\WINDOWS\System32\WindowsPowerShell\v1.0\;C:\WINDOWS\System32\OpenSSH\;C:\Program Files (x86)\Intel\Intel(R) Management Engine Components\DAL;C:\Program Files\Intel\Intel(R) Management Engine Components\DAL;C:\Program Files (x86)\Intel\Intel(R) Management Engine Components\IPT;C:\Program Files\Intel\Intel(R) Management Engine Components\IPT;D:\apache-maven-3.6.3\bin;D:\jdk-14.0.1\bin;D:\jdk-14.0.1\jre\bin;C:\Program Files\Intel\WiFi\bin\;C:\Program Files\Common Files\Intel\WirelessCommon\;C:\ProgramData\chocolatey\bin;C:\Program Files\MySQL\MySQL Server 8.0\bin;C:\Program Files\nodejs\;D:\Redis\;D:\GO\bin;C:\Program Files\Git\cmd;C:\Program Files\PCL 1.11.1\bin;C:\Program Files\PCL 1.11.1\3rdParty\FLANN\bin;C:\Program Files\PCL 1.11.1\3rdParty\VTK\bin;C:\Program Files\PCL 1.11.1\Qhull\bin;C:\Program Files\PCL 1.11.1\3rdParty\OpenNI2\Tools;C:\Program Files\PCL 1.11.1\3rdParty\Eigen\eigen3;C:\Program Files\PCL 1.11.1\3rdParty\OpenNI2\Redist\;C:\Program Files\PCL 1.11.1\3rdParty\OpenNI2\Lib\;C:\Program Files\PCL 1.11.1\3rdParty\OpenNI2\Include\;D:\apache-ant-1.10.9\bin;C:\Program Files\MySQL\MySQL Shell 8.0\bin\;C:\Users\Administrator\AppData\Local\Microsoft\WindowsApps;C:\Users\Administrator\AppData\Roaming\npm;D:\Microsoft VS Code\bin;C:\Users\Administrator\go\bin;D:\PyCharm 2020.2.1\bin;;D:\JetBrains\IntelliJ IDEA 2019.3.5\bin;;D:\GoLand 2020.2.3\bin;;." />
    <property name="java.vm.info" value="mixed mode, sharing" />
    <property name="java.vendor" value="Oracle Corporation" />
    <property name="build" value="D:\mit6.830\simple-db-hw-master\bin" />
    <property name="java.vm.version" value="14.0.1+7" />
    <property name="sun.io.unicode.encoding" value="UnicodeLittle" />
    <property name="java.class.version" value="58.0" />
    <property name="ant.project.default-target" value="dist" />
  </properties>
  <testcase classname="simpledb.systemtest.QueryTest" name="queryTest" time="0.724" />
  <system-out><![CDATA[Started a new transaction tid = 1
Added scan of table emp
Added scan of table dept
Added scan of table hobbies
Added scan of table hobby
Added join between emp.c1 and dept.c0
Added join between hobbies.c0 and emp.c2
Added join between hobbies.c1 and hobby.c0
Added select list field null.*
Transaction 1 aborted because of unhandled error
]]></system-out>
  <system-err><![CDATA[simpledb.DbException
	at simpledb.Parser.processNextStatement(Parser.java:558)
	at simpledb.Parser.processNextStatement(Parser.java:497)
	at simpledb.systemtest.QueryTest.queryTest(QueryTest.java:81)
	at java.base/jdk.internal.reflect.NativeMethodAccessorImpl.invoke0(Native Method)
	at java.base/jdk.internal.reflect.NativeMethodAccessorImpl.invoke(NativeMethodAccessorImpl.java:62)
	at java.base/jdk.internal.reflect.DelegatingMethodAccessorImpl.invoke(DelegatingMethodAccessorImpl.java:43)
	at java.base/java.lang.reflect.Method.invoke(Method.java:564)
	at org.junit.runners.model.FrameworkMethod$1.runReflectiveCall(FrameworkMethod.java:44)
	at org.junit.internal.runners.model.ReflectiveCallable.run(ReflectiveCallable.java:15)
	at org.junit.runners.model.FrameworkMethod.invokeExplosively(FrameworkMethod.java:41)
	at org.junit.internal.runners.statements.InvokeMethod.evaluate(InvokeMethod.java:20)
	at org.junit.internal.runners.statements.FailOnTimeout$1.call(FailOnTimeout.java:32)
	at java.base/java.util.concurrent.FutureTask.run(FutureTask.java:264)
	at java.base/java.util.concurrent.ThreadPoolExecutor.runWorker(ThreadPoolExecutor.java:1130)
	at java.base/java.util.concurrent.ThreadPoolExecutor$Worker.run(ThreadPoolExecutor.java:630)
	at java.base/java.lang.Thread.run(Thread.java:832)
]]></system-err>
</testsuite>
